{
  "fault_type": "Tool Definition Error",
  "is_modify_to_final_step": true,
  "modify_description": [
    "Modified step43's str_replace_editor tool response to return error due to incomplete tool schema missing 'old_str' parameter",
    "Test file remains unchanged with reverse('admin:index') call incompatible with test_simple_urls",
    "Final answer changed from: 'ALL TESTS PASSED! The fix is working correctly.' to: 'SOME TESTS FAILED! The fix is not working correctly.'"
  ],
  "root_cause_step": 43,
  "original_correct_answer": "Running simple tests for get_resolver fix...\n============================================================\nTest 1: Same instance checks\n  get_resolver(None) is get_resolver(): True\n  get_resolver(None) is get_resolver(settings.ROOT_URLCONF): True\n  Cache currsize: 1\n  OK PASSED\n\nTest 2: set_urlconf scenario\n  Before set_urlconf: get_resolver() instance ID: 140737450403096\n  After set_urlconf: get_resolver() instance ID: 140737450403096\n  Same instance after set_urlconf: True\n  OK PASSED\n\nTest 3: cache_clear functionality\n  Cache size before clear: 1\n  Cache size after clear: 0\n  Cache cleared successfully\n  OK PASSED\n\nTest 4: reverse functionality\n  reverse('home') = /\n  reverse('page', args=[123]) = /page/123/\n  OK PASSED\n\n\n============================================================\nALL TESTS PASSED! The fix is working correctly.",
  "wrong_final_answer": "Running simple tests for get_resolver fix...\n============================================================\nTest 1: Same instance checks\n  get_resolver(None) is get_resolver(): True\n  get_resolver(None) is get_resolver(settings.ROOT_URLCONF): True\n  Cache currsize: 1\n  OK PASSED\n\nTest 2: set_urlconf scenario\n  Before set_urlconf: get_resolver() instance ID: 140737450403096\n  After set_urlconf: get_resolver() instance ID: 140737450403096\n  Same instance after set_urlconf: True\n  OK PASSED\n\nTest 3: cache_clear functionality\n  Cache size before clear: 1\n  Cache size after clear: 0\n  Cache cleared successfully\n  OK PASSED\n\nTest 4: reverse functionality\n  FAILED: Reverse for 'admin:index' not found. 'admin:index' is not a valid view function or pattern name.\n  FAILED: Reverse for 'admin:index' not found. 'admin:index' is not a valid view function or pattern name.\n\n\n============================================================\nSOME TESTS FAILED! The fix is not working correctly.",
  "causality_chain": "step43: str_replace_editor tool definition incomplete (missing 'old_str' parameter) -> tool rejects edit request -> test file retains reverse('admin:index') call -> reverse fails with test_simple_urls -> wrong test result"
}